#
# There is insufficient memory for the Java Runtime Environment to continue.
# Native memory allocation (malloc) failed to allocate 1048576 bytes for AllocateHeap
# Possible reasons:
#   The system is out of physical RAM or swap space
#   The process is running with CompressedOops enabled, and the Java Heap may be blocking the growth of the native heap
# Possible solutions:
#   Reduce memory load on the system
#   Increase physical memory or swap space
#   Check if swap backing store is full
#   Decrease Java heap size (-Xmx/-Xms)
#   Decrease number of Java threads
#   Decrease Java thread stack sizes (-Xss)
#   Set larger code cache with -XX:ReservedCodeCacheSize=
#   JVM is running with Unscaled Compressed Oops mode in which the Java heap is
#     placed in the first 4GB address space. The Java Heap base address is the
#     maximum limit for the native heap growth. Please use -XX:HeapBaseMinAddress
#     to set the Java Heap base and to place the Java Heap above 4GB virtual address.
# This output file may be truncated or incomplete.
#
#  Out of Memory Error (./src/hotspot/share/memory/allocation.cpp:46), pid=16196, tid=1032
#
# JRE version:  (11.0.10) (build )
# Java VM: OpenJDK 64-Bit Server VM (11.0.10+0-b96-7249189, mixed mode, sharing, tiered, compressed oops, g1 gc, windows-amd64)
# No core dump will be written. Minidumps are not enabled by default on client versions of Windows
#

---------------  S U M M A R Y ------------

Command Line: 

Host: Intel(R) Core(TM) i5-8300H CPU @ 2.30GHz, 8 cores, 7G,  Windows 10 , 64 bit Build 19041 (10.0.19041.1348)
Time: Sat Mar 12 23:05:36 2022 Центральная Азия (зима) elapsed time: 0.018992 seconds (0d 0h 0m 0s)

---------------  T H R E A D  ---------------

Current thread (0x0000023ecb0ac800):  JavaThread "Unknown thread" [_thread_in_vm, id=1032, stack(0x00000072f3500000,0x00000072f3600000)]

Stack: [0x00000072f3500000,0x00000072f3600000]
Native frames: (J=compiled Java code, j=interpreted, Vv=VM code, C=native code)
V  [jvm.dll+0x5ecfaa]
V  [jvm.dll+0x722bd5]
V  [jvm.dll+0x72412d]
V  [jvm.dll+0x7247e3]
V  [jvm.dll+0x242928]
V  [jvm.dll+0xb39a4]
V  [jvm.dll+0x2d49f8]
V  [jvm.dll+0x701727]
V  [jvm.dll+0x702f2c]
V  [jvm.dll+0x3587d9]
V  [jvm.dll+0x6e4fae]
V  [jvm.dll+0x3c0be3]
V  [jvm.dll+0x3c2e91]
C  [jli.dll+0x5373]
C  [ucrtbase.dll+0x21bb2]
C  [KERNEL32.DLL+0x17034]
C  [ntdll.dll+0x52651]


---------------  P R O C E S S  ---------------

Threads class SMR info:
_java_thread_list=0x0000023ec8de51c0, length=0, elements={
}

Java Threads: ( => current thread )

Other Threads:

=>0x0000023ecb0ac800 (exited) JavaThread "Unknown thread" [_thread_in_vm, id=1032, stack(0x00000072f3500000,0x00000072f3600000)]

Threads with active compile tasks:

VM state:not at safepoint (not fully initialized)

VM Mutex/Monitor currently owned by a thread: None


[error occurred during error reporting (printing compressed oops mode), id 0xc0000005, EXCEPTION_ACCESS_VIOLATION (0xc0000005) at pc=0x00007ffaf8db2577]

GC Heap History (0 events):
No events

Deoptimization events (0 events):
No events

Classes redefined (0 events):
No events

Internal exceptions (0 events):
No events

Events (1 events):
Event: 0.006 Loaded shared library C:\Program Files\Android\Android Studio\jre\bin\zip.dll


Dynamic libraries:
0x00007ff612660000 - 0x00007ff61266a000 	C:\Program Files\Android\Android Studio\jre\bin\java.EXE
0x00007ffb688b0000 - 0x00007ffb68aa5000 	C:\WINDOWS\SYSTEM32\ntdll.dll
0x00007ffb67d80000 - 0x00007ffb67e3e000 	C:\WINDOWS\System32\KERNEL32.DLL
0x00007ffb662d0000 - 0x00007ffb66598000 	C:\WINDOWS\System32\KERNELBASE.dll
0x00007ffb667f0000 - 0x00007ffb668f0000 	C:\WINDOWS\System32\ucrtbase.dll
0x00007ffb462a0000 - 0x00007ffb462b9000 	C:\Program Files\Android\Android Studio\jre\bin\jli.dll
0x00007ffb388e0000 - 0x00007ffb388f7000 	C:\Program Files\Android\Android Studio\jre\bin\VCRUNTIME140.dll
0x00007ffb686c0000 - 0x00007ffb68861000 	C:\WINDOWS\System32\USER32.dll
0x00007ffb662a0000 - 0x00007ffb662c2000 	C:\WINDOWS\System32\win32u.dll
0x00007ffb668f0000 - 0x00007ffb6691b000 	C:\WINDOWS\System32\GDI32.dll
0x00007ffb41b10000 - 0x00007ffb41daa000 	C:\WINDOWS\WinSxS\amd64_microsoft.windows.common-controls_6595b64144ccf1df_6.0.19041.1110_none_60b5254171f9507e\COMCTL32.dll
0x00007ffb666e0000 - 0x00007ffb667ed000 	C:\WINDOWS\System32\gdi32full.dll
0x00007ffb66d50000 - 0x00007ffb66dee000 	C:\WINDOWS\System32\msvcrt.dll
0x00007ffb65ff0000 - 0x00007ffb6608d000 	C:\WINDOWS\System32\msvcp_win.dll
0x00007ffb67740000 - 0x00007ffb67770000 	C:\WINDOWS\System32\IMM32.DLL
0x00007ffb176a0000 - 0x00007ffb1773d000 	C:\Program Files\Android\Android Studio\jre\bin\msvcp140.dll
0x00007ffaf86b0000 - 0x00007ffaf917f000 	C:\Program Files\Android\Android Studio\jre\bin\server\jvm.dll
0x00007ffb66f90000 - 0x00007ffb6703c000 	C:\WINDOWS\System32\ADVAPI32.dll
0x00007ffb67bf0000 - 0x00007ffb67c8b000 	C:\WINDOWS\System32\sechost.dll
0x00007ffb66e00000 - 0x00007ffb66f2a000 	C:\WINDOWS\System32\RPCRT4.dll
0x00007ffb66df0000 - 0x00007ffb66df8000 	C:\WINDOWS\System32\PSAPI.DLL
0x00007ffb5f440000 - 0x00007ffb5f44a000 	C:\WINDOWS\SYSTEM32\VERSION.dll
0x00007ffb62eb0000 - 0x00007ffb62eb9000 	C:\WINDOWS\SYSTEM32\WSOCK32.dll
0x00007ffb41ae0000 - 0x00007ffb41b07000 	C:\WINDOWS\SYSTEM32\WINMM.dll
0x00007ffb67d10000 - 0x00007ffb67d7b000 	C:\WINDOWS\System32\WS2_32.dll
0x00007ffb63dd0000 - 0x00007ffb63de2000 	C:\WINDOWS\SYSTEM32\kernel.appcore.dll
0x00007ffb585d0000 - 0x00007ffb585e1000 	C:\Program Files\Android\Android Studio\jre\bin\verify.dll
0x00007ffb5db40000 - 0x00007ffb5dd24000 	C:\WINDOWS\SYSTEM32\DBGHELP.DLL
0x00007ffb5db10000 - 0x00007ffb5db3c000 	C:\WINDOWS\SYSTEM32\dbgcore.DLL
0x00007ffb665a0000 - 0x00007ffb66622000 	C:\WINDOWS\System32\bcryptPrimitives.dll
0x00007ffb57790000 - 0x00007ffb577b9000 	C:\Program Files\Android\Android Studio\jre\bin\java.dll
0x00007ffb5ca40000 - 0x00007ffb5ca4b000 	C:\Program Files\Android\Android Studio\jre\bin\jimage.dll
0x00007ffb57380000 - 0x00007ffb57398000 	C:\Program Files\Android\Android Studio\jre\bin\zip.dll

dbghelp: loaded successfully - version: 4.0.5 - missing functions: none
symbol engine: initialized successfully - sym options: 0x614 - pdb path: .;C:\Program Files\Android\Android Studio\jre\bin;C:\WINDOWS\SYSTEM32;C:\WINDOWS\WinSxS\amd64_microsoft.windows.common-controls_6595b64144ccf1df_6.0.19041.1110_none_60b5254171f9507e;C:\Program Files\Android\Android Studio\jre\bin\server

VM Arguments:
java_command: <unknown>
java_class_path (initial): <not set>
Launcher Type: SUN_STANDARD

[Global flags]
     intx CICompilerCount                          = 4                                         {product} {ergonomic}
     uint G1ConcRefinementThreads                  = 8                                         {product} {ergonomic}
   size_t G1HeapRegionSize                         = 1048576                                   {product} {ergonomic}
    uintx GCDrainStackTargetSize                   = 64                                        {product} {ergonomic}
   size_t InitialHeapSize                          = 134217728                                 {product} {ergonomic}
   size_t MaxHeapSize                              = 2116026368                                {product} {ergonomic}
   size_t MinHeapDeltaBytes                        = 1048576                                   {product} {ergonomic}
    uintx NonNMethodCodeHeapSize                   = 5836300                                {pd product} {ergonomic}
    uintx NonProfiledCodeHeapSize                  = 122910970                              {pd product} {ergonomic}
    uintx ProfiledCodeHeapSize                     = 122910970                              {pd product} {ergonomic}
    uintx ReservedCodeCacheSize                    = 251658240                              {pd product} {ergonomic}
     bool SegmentedCodeCache                       = true                                      {product} {ergonomic}
     bool UseCompressedClassPointers               = true                                 {lp64_product} {ergonomic}
     bool UseCompressedOops                        = true                                 {lp64_product} {ergonomic}
     bool UseG1GC                                  = true                                      {product} {ergonomic}
     bool UseLargePagesIndividualAllocation        = false                                  {pd product} {ergonomic}

Logging:
Log output configuration:
 #0: stdout all=warning uptime,level,tags
 #1: stderr all=off uptime,level,tags

Environment Variables:
PATH=C:\Program Files\Microsoft MPI\Bin\;C:\Program Files (x86)\Common Files\Intel\Shared Files\cpp\bin\Intel64;C:\Program Files\Common Files\Oracle\Java\javapath;C:\Program Files (x86)\Common Files\Oracle\Java\javapath;C:\WINDOWS\system32;C:\WINDOWS;C:\WINDOWS\System32\Wbem;C:\WINDOWS\System32\WindowsPowerShell\v1.0\;C:\WINDOWS\System32\OpenSSH\;C:\Program Files\Java\jdk-11.0.1\bin;C:\Program Files (x86)\NVIDIA Corporation\PhysX\Common;C:\Program Files\NVIDIA Corporation\NVIDIA NvDLISR;C:\Program Files (x86)\dotnet\;C:\Program Files\Microsoft SQL Server\Client SDK\ODBC\170\Tools\Binn\;C:\Program Files (x86)\Microsoft SQL Server\150\Tools\Binn\;C:\Program Files\Microsoft SQL Server\150\Tools\Binn\;C:\Program Files\Microsoft SQL Server\150\DTS\Binn\;D:\php;C:\ProgramData\ComposerSetup\bin;C:\Program Files (x86)\Microsoft SQL Server\150\DTS\Binn\;C:\Program Files\Azure Data Studio\bin;C:\Users\User\AppData\Local\Programs\Python\Python38-32\Scripts\;C:\Users\User\AppData\Local\Programs\Python\Python38-32\;C:\Users\User\AppData\Local\Programs\Python\Python37-32\Scripts\;C:\Users\User\AppData\Local\Programs\Python\Python37-32\;C:\Users\User\AppData\Local\Microsoft\WindowsApps;C:\PerfLogs\IntelliJ IDEA 2020.2.3\bin;C:\Program Files\JetBrains\IntelliJ IDEA Community Edition 2020.2.3\bin;C:\Users\User\go\bin;C:\Users\User\AppData\Local\Programs\Microsoft VS Code\bin;C:\Users\User\AppData\Local\atom\bin;C:\Users\User\AppData\Roaming\Composer\vendor\bin;C:\Program Files\Azure Data Studio\bin;C:\Users\User\Desktop\flutter\bin\mingit\cmd
USERNAME=User
OS=Windows_NT
PROCESSOR_IDENTIFIER=Intel64 Family 6 Model 158 Stepping 10, GenuineIntel



---------------  S Y S T E M  ---------------

OS: Windows 10 , 64 bit Build 19041 (10.0.19041.1348)
OS uptime: 15 days 10:52 hours

CPU:total 8 (initial active 8) (4 cores per cpu, 2 threads per core) family 6 model 158 stepping 10 microcode 0xb4, cmov, cx8, fxsr, mmx, sse, sse2, sse3, ssse3, sse4.1, sse4.2, popcnt, avx, avx2, aes, clmul, erms, 3dnowpref, lzcnt, ht, tsc, tscinvbit, bmi1, bmi2, adx, fma

Memory: 4k page, system-wide physical 8066M (635M free)
TotalPageFile size 12599M (AvailPageFile size 5M)
current process WorkingSet (physical memory assigned to process): 9M, peak: 9M
current process commit charge ("private bytes"): 12M, peak: 13M

vm_info: OpenJDK 64-Bit Server VM (11.0.10+0-b96-7249189) for windows-amd64 JRE (11.0.10+0-b96-7249189), built on Mar 31 2021 21:44:00 by "builder" with MS VC++ 14.0 (VS2015)

END.
